<?xml version="1.0" encoding="UTF-8"?>
<testsuite xmlns:xsi="http://www.w3.org/2001/XMLSchema-instance" xsi:noNamespaceSchemaLocation="https://maven.apache.org/surefire/maven-surefire-plugin/xsd/surefire-test-report.xsd" name="org.rain.AppTest" time="0.019" tests="1" errors="0" skipped="0" failures="0">
  <properties>
    <property name="sun.desktop" value="windows"/>
    <property name="awt.toolkit" value="sun.awt.windows.WToolkit"/>
    <property name="file.encoding.pkg" value="sun.io"/>
    <property name="java.specification.version" value="1.8"/>
    <property name="sun.cpu.isalist" value="amd64"/>
    <property name="sun.jnu.encoding" value="GBK"/>
    <property name="java.class.path" value="D:\project\myproject\springcloud-alibaba-demo\springcloud-alibaba-demo\demo-common\target\test-classes;D:\project\myproject\springcloud-alibaba-demo\springcloud-alibaba-demo\demo-common\target\classes;D:\maven\repository\junit\junit\4.11\junit-4.11.jar;D:\maven\repository\org\hamcrest\hamcrest-core\2.2\hamcrest-core-2.2.jar;D:\maven\repository\org\hamcrest\hamcrest\2.2\hamcrest-2.2.jar;"/>
    <property name="java.vm.vendor" value="Red Hat, Inc."/>
    <property name="sun.arch.data.model" value="64"/>
    <property name="user.variant" value=""/>
    <property name="java.vendor.url" value="https://developers.redhat.com/"/>
    <property name="user.timezone" value="Asia/Shanghai"/>
    <property name="java.vm.specification.version" value="1.8"/>
    <property name="os.name" value="Windows 10"/>
    <property name="user.country" value="CN"/>
    <property name="sun.java.launcher" value="SUN_STANDARD"/>
    <property name="sun.boot.library.path" value="C:\Program Files\Java\java-1.8.0\jre\bin"/>
    <property name="sun.java.command" value="C:\Users\pb084154\AppData\Local\Temp\surefire4659316041585233726\surefirebooter7676297700569783383.jar C:\Users\pb084154\AppData\Local\Temp\surefire4659316041585233726 2022-09-13T10-01-51_126-jvmRun1 surefire2126280817168650824tmp surefire_07272773608361482396tmp"/>
    <property name="surefire.test.class.path" value="D:\project\myproject\springcloud-alibaba-demo\springcloud-alibaba-demo\demo-common\target\test-classes;D:\project\myproject\springcloud-alibaba-demo\springcloud-alibaba-demo\demo-common\target\classes;D:\maven\repository\junit\junit\4.11\junit-4.11.jar;D:\maven\repository\org\hamcrest\hamcrest-core\2.2\hamcrest-core-2.2.jar;D:\maven\repository\org\hamcrest\hamcrest\2.2\hamcrest-2.2.jar;"/>
    <property name="sun.cpu.endian" value="little"/>
    <property name="user.home" value="C:\Users\pb084154"/>
    <property name="user.language" value="zh"/>
    <property name="java.specification.vendor" value="Oracle Corporation"/>
    <property name="java.home" value="C:\Program Files\Java\java-1.8.0\jre"/>
    <property name="basedir" value="D:\project\myproject\springcloud-alibaba-demo\springcloud-alibaba-demo\demo-common"/>
    <property name="file.separator" value="\"/>
    <property name="line.separator" value="&#10;"/>
    <property name="java.vm.specification.vendor" value="Oracle Corporation"/>
    <property name="java.specification.name" value="Java Platform API Specification"/>
    <property name="java.awt.graphicsenv" value="sun.awt.Win32GraphicsEnvironment"/>
    <property name="surefire.real.class.path" value="C:\Users\pb084154\AppData\Local\Temp\surefire4659316041585233726\surefirebooter7676297700569783383.jar"/>
    <property name="sun.boot.class.path" value="C:\Program Files\Java\java-1.8.0\jre\lib\resources.jar;C:\Program Files\Java\java-1.8.0\jre\lib\rt.jar;C:\Program Files\Java\java-1.8.0\jre\lib\sunrsasign.jar;C:\Program Files\Java\java-1.8.0\jre\lib\jsse.jar;C:\Program Files\Java\java-1.8.0\jre\lib\jce.jar;C:\Program Files\Java\java-1.8.0\jre\lib\charsets.jar;C:\Program Files\Java\java-1.8.0\jre\lib\jfr.jar;C:\Program Files\Java\java-1.8.0\jre\classes"/>
    <property name="user.script" value=""/>
    <property name="sun.management.compiler" value="HotSpot 64-Bit Tiered Compilers"/>
    <property name="java.runtime.version" value="1.8.0_282-b08"/>
    <property name="user.name" value="PB084154"/>
    <property name="path.separator" value=";"/>
    <property name="os.version" value="10.0"/>
    <property name="java.endorsed.dirs" value="C:\Program Files\Java\java-1.8.0\jre\lib\endorsed"/>
    <property name="java.runtime.name" value="OpenJDK Runtime Environment"/>
    <property name="file.encoding" value="GBK"/>
    <property name="java.vm.name" value="OpenJDK 64-Bit Server VM"/>
    <property name="localRepository" value="D:\maven\repository"/>
    <property name="java.vendor.url.bug" value="https://bugzilla.redhat.com/enter_bug.cgi"/>
    <property name="java.io.tmpdir" value="C:\Users\pb084154\AppData\Local\Temp\"/>
    <property name="idea.version" value="2022.1.2"/>
    <property name="java.version" value="1.8.0_282"/>
    <property name="user.dir" value="D:\project\myproject\springcloud-alibaba-demo\springcloud-alibaba-demo\demo-common"/>
    <property name="os.arch" value="amd64"/>
    <property name="java.vm.specification.name" value="Java Virtual Machine Specification"/>
    <property name="java.awt.printerjob" value="sun.awt.windows.WPrinterJob"/>
    <property name="sun.os.patch.level" value=""/>
    <property name="java.library.path" value="C:\Program Files\Java\java-1.8.0\jre\bin;C:\Windows\Sun\Java\bin;C:\Windows\system32;C:\Windows;C:\Windows\system32;C:\Windows;C:\Windows\System32\Wbem;C:\Windows\System32\WindowsPowerShell\v1.0\;C:\Windows\System32\OpenSSH\;C:\Program Files\java\java-1.8.0\bin;C:\Program Files\java\java-1.8.0\jre\bin;D:\software\git\Git\cmd;D:\software\mysql\mysql-8.0.25-winx64\bin;GRADLE_HOME%\bin;C:\Users\pb084154\AppData\Local\Microsoft\WindowsApps;;D:\software\IntelliJ IDEA 2022.1.2\bin;;."/>
    <property name="java.vm.info" value="mixed mode"/>
    <property name="java.vendor" value="Red Hat, Inc."/>
    <property name="java.vm.version" value="25.282-b08"/>
    <property name="java.ext.dirs" value="C:\Program Files\Java\java-1.8.0\jre\lib\ext;C:\Windows\Sun\Java\lib\ext"/>
    <property name="sun.io.unicode.encoding" value="UnicodeLittle"/>
    <property name="java.class.version" value="52.0"/>
  </properties>
  <testcase name="shouldAnswerWithTrue" classname="org.rain.AppTest" time="0.002"/>
</testsuite>