<?xml version="1.0" encoding="UTF-8"?>
<testsuite xmlns:xsi="http://www.w3.org/2001/XMLSchema-instance" xsi:noNamespaceSchemaLocation="https://maven.apache.org/surefire/maven-surefire-plugin/xsd/surefire-test-report.xsd" name="org.rain.InfluxdbTest" time="0.031" tests="1" errors="0" skipped="0" failures="0">
  <properties>
    <property name="sun.desktop" value="windows"/>
    <property name="awt.toolkit" value="sun.awt.windows.WToolkit"/>
    <property name="file.encoding.pkg" value="sun.io"/>
    <property name="java.specification.version" value="1.8"/>
    <property name="sun.cpu.isalist" value="amd64"/>
    <property name="sun.jnu.encoding" value="GBK"/>
    <property name="java.class.path" value="D:\project\myproject\springcloud-alibaba-demo\springcloud-alibaba-demo\demo-producer\target\test-classes;D:\project\myproject\springcloud-alibaba-demo\springcloud-alibaba-demo\demo-producer\target\classes;D:\maven\repository\org\springframework\boot\spring-boot-starter-web\2.3.12.RELEASE\spring-boot-starter-web-2.3.12.RELEASE.jar;D:\maven\repository\org\springframework\boot\spring-boot-starter\2.3.12.RELEASE\spring-boot-starter-2.3.12.RELEASE.jar;D:\maven\repository\org\springframework\boot\spring-boot\2.3.12.RELEASE\spring-boot-2.3.12.RELEASE.jar;D:\maven\repository\org\springframework\boot\spring-boot-starter-logging\2.3.12.RELEASE\spring-boot-starter-logging-2.3.12.RELEASE.jar;D:\maven\repository\ch\qos\logback\logback-classic\1.2.3\logback-classic-1.2.3.jar;D:\maven\repository\ch\qos\logback\logback-core\1.2.3\logback-core-1.2.3.jar;D:\maven\repository\org\apache\logging\log4j\log4j-to-slf4j\2.13.3\log4j-to-slf4j-2.13.3.jar;D:\maven\repository\org\apache\logging\log4j\log4j-api\2.13.3\log4j-api-2.13.3.jar;D:\maven\repository\org\slf4j\jul-to-slf4j\1.7.30\jul-to-slf4j-1.7.30.jar;D:\maven\repository\jakarta\annotation\jakarta.annotation-api\1.3.5\jakarta.annotation-api-1.3.5.jar;D:\maven\repository\org\springframework\spring-core\5.2.15.RELEASE\spring-core-5.2.15.RELEASE.jar;D:\maven\repository\org\springframework\spring-jcl\5.2.15.RELEASE\spring-jcl-5.2.15.RELEASE.jar;D:\maven\repository\org\yaml\snakeyaml\1.26\snakeyaml-1.26.jar;D:\maven\repository\org\springframework\boot\spring-boot-starter-json\2.3.12.RELEASE\spring-boot-starter-json-2.3.12.RELEASE.jar;D:\maven\repository\com\fasterxml\jackson\core\jackson-databind\2.11.4\jackson-databind-2.11.4.jar;D:\maven\repository\com\fasterxml\jackson\core\jackson-annotations\2.11.4\jackson-annotations-2.11.4.jar;D:\maven\repository\com\fasterxml\jackson\datatype\jackson-datatype-jdk8\2.11.4\jackson-datatype-jdk8-2.11.4.jar;D:\maven\repository\com\fasterxml\jackson\datatype\jackson-datatype-jsr310\2.11.4\jackson-datatype-jsr310-2.11.4.jar;D:\maven\repository\com\fasterxml\jackson\module\jackson-module-parameter-names\2.11.4\jackson-module-parameter-names-2.11.4.jar;D:\maven\repository\org\springframework\boot\spring-boot-starter-tomcat\2.3.12.RELEASE\spring-boot-starter-tomcat-2.3.12.RELEASE.jar;D:\maven\repository\org\apache\tomcat\embed\tomcat-embed-core\9.0.46\tomcat-embed-core-9.0.46.jar;D:\maven\repository\org\glassfish\jakarta.el\3.0.3\jakarta.el-3.0.3.jar;D:\maven\repository\org\apache\tomcat\embed\tomcat-embed-websocket\9.0.46\tomcat-embed-websocket-9.0.46.jar;D:\maven\repository\org\springframework\spring-web\5.2.15.RELEASE\spring-web-5.2.15.RELEASE.jar;D:\maven\repository\org\springframework\spring-beans\5.2.15.RELEASE\spring-beans-5.2.15.RELEASE.jar;D:\maven\repository\org\springframework\spring-webmvc\5.2.15.RELEASE\spring-webmvc-5.2.15.RELEASE.jar;D:\maven\repository\org\springframework\spring-aop\5.2.15.RELEASE\spring-aop-5.2.15.RELEASE.jar;D:\maven\repository\org\springframework\spring-context\5.2.15.RELEASE\spring-context-5.2.15.RELEASE.jar;D:\maven\repository\org\springframework\spring-expression\5.2.15.RELEASE\spring-expression-5.2.15.RELEASE.jar;D:\maven\repository\com\alibaba\cloud\spring-cloud-starter-alibaba-nacos-discovery\2.2.7.RELEASE\spring-cloud-starter-alibaba-nacos-discovery-2.2.7.RELEASE.jar;D:\maven\repository\com\alibaba\cloud\spring-cloud-alibaba-commons\2.2.7.RELEASE\spring-cloud-alibaba-commons-2.2.7.RELEASE.jar;D:\maven\repository\com\alibaba\nacos\nacos-client\2.0.3\nacos-client-2.0.3.jar;D:\maven\repository\commons-codec\commons-codec\1.14\commons-codec-1.14.jar;D:\maven\repository\com\fasterxml\jackson\core\jackson-core\2.11.4\jackson-core-2.11.4.jar;D:\maven\repository\org\apache\httpcomponents\httpasyncclient\4.1.4\httpasyncclient-4.1.4.jar;D:\maven\repository\org\apache\httpcomponents\httpcore-nio\4.4.14\httpcore-nio-4.4.14.jar;D:\maven\repository\org\reflections\reflections\0.9.11\reflections-0.9.11.jar;D:\maven\repository\org\javassist\javassist\3.21.0-GA\javassist-3.21.0-GA.jar;D:\maven\repository\io\prometheus\simpleclient\0.5.0\simpleclient-0.5.0.jar;D:\maven\repository\com\alibaba\spring\spring-context-support\1.0.10\spring-context-support-1.0.10.jar;D:\maven\repository\org\springframework\cloud\spring-cloud-commons\2.2.9.RELEASE\spring-cloud-commons-2.2.9.RELEASE.jar;D:\maven\repository\org\springframework\security\spring-security-crypto\5.3.9.RELEASE\spring-security-crypto-5.3.9.RELEASE.jar;D:\maven\repository\org\springframework\cloud\spring-cloud-context\2.2.9.RELEASE\spring-cloud-context-2.2.9.RELEASE.jar;D:\maven\repository\org\springframework\cloud\spring-cloud-starter-netflix-ribbon\2.2.9.RELEASE\spring-cloud-starter-netflix-ribbon-2.2.9.RELEASE.jar;D:\maven\repository\org\springframework\cloud\spring-cloud-netflix-ribbon\2.2.9.RELEASE\spring-cloud-netflix-ribbon-2.2.9.RELEASE.jar;D:\maven\repository\org\springframework\cloud\spring-cloud-netflix-archaius\2.2.9.RELEASE\spring-cloud-netflix-archaius-2.2.9.RELEASE.jar;D:\maven\repository\org\springframework\cloud\spring-cloud-starter-netflix-archaius\2.2.9.RELEASE\spring-cloud-starter-netflix-archaius-2.2.9.RELEASE.jar;D:\maven\repository\commons-configuration\commons-configuration\1.8\commons-configuration-1.8.jar;D:\maven\repository\com\netflix\ribbon\ribbon\2.3.0\ribbon-2.3.0.jar;D:\maven\repository\com\netflix\ribbon\ribbon-transport\2.3.0\ribbon-transport-2.3.0.jar;D:\maven\repository\io\reactivex\rxnetty-contexts\0.4.9\rxnetty-contexts-0.4.9.jar;D:\maven\repository\io\reactivex\rxnetty-servo\0.4.9\rxnetty-servo-0.4.9.jar;D:\maven\repository\javax\inject\javax.inject\1\javax.inject-1.jar;D:\maven\repository\io\reactivex\rxnetty\0.4.9\rxnetty-0.4.9.jar;D:\maven\repository\com\netflix\ribbon\ribbon-core\2.3.0\ribbon-core-2.3.0.jar;D:\maven\repository\commons-lang\commons-lang\2.6\commons-lang-2.6.jar;D:\maven\repository\com\netflix\ribbon\ribbon-httpclient\2.3.0\ribbon-httpclient-2.3.0.jar;D:\maven\repository\commons-collections\commons-collections\3.2.2\commons-collections-3.2.2.jar;D:\maven\repository\com\sun\jersey\jersey-client\1.19.1\jersey-client-1.19.1.jar;D:\maven\repository\com\sun\jersey\jersey-core\1.19.1\jersey-core-1.19.1.jar;D:\maven\repository\javax\ws\rs\jsr311-api\1.1.1\jsr311-api-1.1.1.jar;D:\maven\repository\com\sun\jersey\contribs\jersey-apache-client4\1.19.1\jersey-apache-client4-1.19.1.jar;D:\maven\repository\com\netflix\servo\servo-core\0.12.21\servo-core-0.12.21.jar;D:\maven\repository\com\netflix\netflix-commons\netflix-commons-util\0.3.0\netflix-commons-util-0.3.0.jar;D:\maven\repository\com\netflix\ribbon\ribbon-loadbalancer\2.3.0\ribbon-loadbalancer-2.3.0.jar;D:\maven\repository\com\netflix\netflix-commons\netflix-statistics\0.1.1\netflix-statistics-0.1.1.jar;D:\maven\repository\io\reactivex\rxjava\1.3.8\rxjava-1.3.8.jar;D:\maven\repository\mysql\mysql-connector-java\8.0.25\mysql-connector-java-8.0.25.jar;D:\maven\repository\com\alibaba\druid-spring-boot-starter\1.2.8\druid-spring-boot-starter-1.2.8.jar;D:\maven\repository\com\alibaba\druid\1.2.8\druid-1.2.8.jar;D:\maven\repository\org\slf4j\slf4j-api\1.7.30\slf4j-api-1.7.30.jar;D:\maven\repository\org\springframework\boot\spring-boot-autoconfigure\2.3.12.RELEASE\spring-boot-autoconfigure-2.3.12.RELEASE.jar;D:\maven\repository\com\baomidou\mybatis-plus-boot-starter\3.4.1\mybatis-plus-boot-starter-3.4.1.jar;D:\maven\repository\com\baomidou\mybatis-plus\3.4.1\mybatis-plus-3.4.1.jar;D:\maven\repository\com\baomidou\mybatis-plus-extension\3.4.1\mybatis-plus-extension-3.4.1.jar;D:\maven\repository\com\baomidou\mybatis-plus-core\3.4.1\mybatis-plus-core-3.4.1.jar;D:\maven\repository\com\baomidou\mybatis-plus-annotation\3.4.1\mybatis-plus-annotation-3.4.1.jar;D:\maven\repository\com\github\jsqlparser\jsqlparser\3.2\jsqlparser-3.2.jar;D:\maven\repository\org\mybatis\mybatis\3.5.6\mybatis-3.5.6.jar;D:\maven\repository\org\mybatis\mybatis-spring\2.0.5\mybatis-spring-2.0.5.jar;D:\maven\repository\org\springframework\boot\spring-boot-starter-jdbc\2.3.12.RELEASE\spring-boot-starter-jdbc-2.3.12.RELEASE.jar;D:\maven\repository\com\zaxxer\HikariCP\3.4.5\HikariCP-3.4.5.jar;D:\maven\repository\org\springframework\spring-jdbc\5.2.15.RELEASE\spring-jdbc-5.2.15.RELEASE.jar;D:\maven\repository\org\springframework\spring-tx\5.2.15.RELEASE\spring-tx-5.2.15.RELEASE.jar;D:\maven\repository\org\projectlombok\lombok\1.16.18\lombok-1.16.18.jar;D:\maven\repository\org\springframework\cloud\spring-cloud-starter-openfeign\2.2.9.RELEASE\spring-cloud-starter-openfeign-2.2.9.RELEASE.jar;D:\maven\repository\org\springframework\cloud\spring-cloud-starter\2.2.9.RELEASE\spring-cloud-starter-2.2.9.RELEASE.jar;D:\maven\repository\org\springframework\security\spring-security-rsa\1.0.9.RELEASE\spring-security-rsa-1.0.9.RELEASE.jar;D:\maven\repository\org\bouncycastle\bcpkix-jdk15on\1.64\bcpkix-jdk15on-1.64.jar;D:\maven\repository\org\bouncycastle\bcprov-jdk15on\1.64\bcprov-jdk15on-1.64.jar;D:\maven\repository\org\springframework\cloud\spring-cloud-openfeign-core\2.2.9.RELEASE\spring-cloud-openfeign-core-2.2.9.RELEASE.jar;D:\maven\repository\org\springframework\boot\spring-boot-starter-aop\2.3.12.RELEASE\spring-boot-starter-aop-2.3.12.RELEASE.jar;D:\maven\repository\org\aspectj\aspectjweaver\1.9.6\aspectjweaver-1.9.6.jar;D:\maven\repository\io\github\openfeign\form\feign-form-spring\3.8.0\feign-form-spring-3.8.0.jar;D:\maven\repository\io\github\openfeign\form\feign-form\3.8.0\feign-form-3.8.0.jar;D:\maven\repository\commons-fileupload\commons-fileupload\1.4\commons-fileupload-1.4.jar;D:\maven\repository\commons-io\commons-io\2.2\commons-io-2.2.jar;D:\maven\repository\io\github\openfeign\feign-core\10.12\feign-core-10.12.jar;D:\maven\repository\io\github\openfeign\feign-slf4j\10.12\feign-slf4j-10.12.jar;D:\maven\repository\io\github\openfeign\feign-hystrix\10.12\feign-hystrix-10.12.jar;D:\maven\repository\com\netflix\archaius\archaius-core\0.7.7\archaius-core-0.7.7.jar;D:\maven\repository\com\netflix\hystrix\hystrix-core\1.5.18\hystrix-core-1.5.18.jar;D:\maven\repository\org\hdrhistogram\HdrHistogram\2.1.9\HdrHistogram-2.1.9.jar;D:\maven\repository\org\influxdb\influxdb-java\2.5\influxdb-java-2.5.jar;D:\maven\repository\com\google\guava\guava\30.0-jre\guava-30.0-jre.jar;D:\maven\repository\com\google\guava\failureaccess\1.0.1\failureaccess-1.0.1.jar;D:\maven\repository\com\google\guava\listenablefuture\9999.0-empty-to-avoid-conflict-with-guava\listenablefuture-9999.0-empty-to-avoid-conflict-with-guava.jar;D:\maven\repository\com\google\code\findbugs\jsr305\3.0.2\jsr305-3.0.2.jar;D:\maven\repository\org\checkerframework\checker-qual\3.5.0\checker-qual-3.5.0.jar;D:\maven\repository\com\google\errorprone\error_prone_annotations\2.3.4\error_prone_annotations-2.3.4.jar;D:\maven\repository\com\google\j2objc\j2objc-annotations\1.3\j2objc-annotations-1.3.jar;D:\maven\repository\com\squareup\retrofit2\retrofit\2.1.0\retrofit-2.1.0.jar;D:\maven\repository\com\squareup\retrofit2\converter-moshi\2.1.0\converter-moshi-2.1.0.jar;D:\maven\repository\com\squareup\moshi\moshi\1.2.0\moshi-1.2.0.jar;D:\maven\repository\com\squareup\okhttp3\okhttp\3.14.9\okhttp-3.14.9.jar;D:\maven\repository\com\squareup\okio\okio\1.17.2\okio-1.17.2.jar;D:\maven\repository\com\squareup\okhttp3\logging-interceptor\3.14.9\logging-interceptor-3.14.9.jar;D:\maven\repository\junit\junit\4.13.2\junit-4.13.2.jar;D:\maven\repository\org\hamcrest\hamcrest-core\2.2\hamcrest-core-2.2.jar;D:\maven\repository\org\hamcrest\hamcrest\2.2\hamcrest-2.2.jar;D:\maven\repository\com\taosdata\jdbc\taos-jdbcdriver\3.0.0\taos-jdbcdriver-3.0.0.jar;D:\maven\repository\org\apache\httpcomponents\httpclient\4.5.13\httpclient-4.5.13.jar;D:\maven\repository\org\apache\httpcomponents\httpcore\4.4.14\httpcore-4.4.14.jar;D:\maven\repository\com\alibaba\fastjson\1.2.83\fastjson-1.2.83.jar;D:\maven\repository\org\java-websocket\Java-WebSocket\1.5.2\Java-WebSocket-1.5.2.jar;"/>
    <property name="java.vm.vendor" value="Red Hat, Inc."/>
    <property name="sun.arch.data.model" value="64"/>
    <property name="user.variant" value=""/>
    <property name="java.vendor.url" value="https://developers.redhat.com/"/>
    <property name="user.timezone" value="Asia/Shanghai"/>
    <property name="java.vm.specification.version" value="1.8"/>
    <property name="os.name" value="Windows 10"/>
    <property name="user.country" value="CN"/>
    <property name="sun.java.launcher" value="SUN_STANDARD"/>
    <property name="sun.boot.library.path" value="C:\Program Files\Java\java-1.8.0\jre\bin"/>
    <property name="sun.java.command" value="C:\Users\pb084154\AppData\Local\Temp\surefire4417948682810885954\surefirebooter2005315112075834959.jar C:\Users\pb084154\AppData\Local\Temp\surefire4417948682810885954 2022-09-13T10-01-48_601-jvmRun1 surefire3517610326137417358tmp surefire_01185260631174918294tmp"/>
    <property name="surefire.test.class.path" value="D:\project\myproject\springcloud-alibaba-demo\springcloud-alibaba-demo\demo-producer\target\test-classes;D:\project\myproject\springcloud-alibaba-demo\springcloud-alibaba-demo\demo-producer\target\classes;D:\maven\repository\org\springframework\boot\spring-boot-starter-web\2.3.12.RELEASE\spring-boot-starter-web-2.3.12.RELEASE.jar;D:\maven\repository\org\springframework\boot\spring-boot-starter\2.3.12.RELEASE\spring-boot-starter-2.3.12.RELEASE.jar;D:\maven\repository\org\springframework\boot\spring-boot\2.3.12.RELEASE\spring-boot-2.3.12.RELEASE.jar;D:\maven\repository\org\springframework\boot\spring-boot-starter-logging\2.3.12.RELEASE\spring-boot-starter-logging-2.3.12.RELEASE.jar;D:\maven\repository\ch\qos\logback\logback-classic\1.2.3\logback-classic-1.2.3.jar;D:\maven\repository\ch\qos\logback\logback-core\1.2.3\logback-core-1.2.3.jar;D:\maven\repository\org\apache\logging\log4j\log4j-to-slf4j\2.13.3\log4j-to-slf4j-2.13.3.jar;D:\maven\repository\org\apache\logging\log4j\log4j-api\2.13.3\log4j-api-2.13.3.jar;D:\maven\repository\org\slf4j\jul-to-slf4j\1.7.30\jul-to-slf4j-1.7.30.jar;D:\maven\repository\jakarta\annotation\jakarta.annotation-api\1.3.5\jakarta.annotation-api-1.3.5.jar;D:\maven\repository\org\springframework\spring-core\5.2.15.RELEASE\spring-core-5.2.15.RELEASE.jar;D:\maven\repository\org\springframework\spring-jcl\5.2.15.RELEASE\spring-jcl-5.2.15.RELEASE.jar;D:\maven\repository\org\yaml\snakeyaml\1.26\snakeyaml-1.26.jar;D:\maven\repository\org\springframework\boot\spring-boot-starter-json\2.3.12.RELEASE\spring-boot-starter-json-2.3.12.RELEASE.jar;D:\maven\repository\com\fasterxml\jackson\core\jackson-databind\2.11.4\jackson-databind-2.11.4.jar;D:\maven\repository\com\fasterxml\jackson\core\jackson-annotations\2.11.4\jackson-annotations-2.11.4.jar;D:\maven\repository\com\fasterxml\jackson\datatype\jackson-datatype-jdk8\2.11.4\jackson-datatype-jdk8-2.11.4.jar;D:\maven\repository\com\fasterxml\jackson\datatype\jackson-datatype-jsr310\2.11.4\jackson-datatype-jsr310-2.11.4.jar;D:\maven\repository\com\fasterxml\jackson\module\jackson-module-parameter-names\2.11.4\jackson-module-parameter-names-2.11.4.jar;D:\maven\repository\org\springframework\boot\spring-boot-starter-tomcat\2.3.12.RELEASE\spring-boot-starter-tomcat-2.3.12.RELEASE.jar;D:\maven\repository\org\apache\tomcat\embed\tomcat-embed-core\9.0.46\tomcat-embed-core-9.0.46.jar;D:\maven\repository\org\glassfish\jakarta.el\3.0.3\jakarta.el-3.0.3.jar;D:\maven\repository\org\apache\tomcat\embed\tomcat-embed-websocket\9.0.46\tomcat-embed-websocket-9.0.46.jar;D:\maven\repository\org\springframework\spring-web\5.2.15.RELEASE\spring-web-5.2.15.RELEASE.jar;D:\maven\repository\org\springframework\spring-beans\5.2.15.RELEASE\spring-beans-5.2.15.RELEASE.jar;D:\maven\repository\org\springframework\spring-webmvc\5.2.15.RELEASE\spring-webmvc-5.2.15.RELEASE.jar;D:\maven\repository\org\springframework\spring-aop\5.2.15.RELEASE\spring-aop-5.2.15.RELEASE.jar;D:\maven\repository\org\springframework\spring-context\5.2.15.RELEASE\spring-context-5.2.15.RELEASE.jar;D:\maven\repository\org\springframework\spring-expression\5.2.15.RELEASE\spring-expression-5.2.15.RELEASE.jar;D:\maven\repository\com\alibaba\cloud\spring-cloud-starter-alibaba-nacos-discovery\2.2.7.RELEASE\spring-cloud-starter-alibaba-nacos-discovery-2.2.7.RELEASE.jar;D:\maven\repository\com\alibaba\cloud\spring-cloud-alibaba-commons\2.2.7.RELEASE\spring-cloud-alibaba-commons-2.2.7.RELEASE.jar;D:\maven\repository\com\alibaba\nacos\nacos-client\2.0.3\nacos-client-2.0.3.jar;D:\maven\repository\commons-codec\commons-codec\1.14\commons-codec-1.14.jar;D:\maven\repository\com\fasterxml\jackson\core\jackson-core\2.11.4\jackson-core-2.11.4.jar;D:\maven\repository\org\apache\httpcomponents\httpasyncclient\4.1.4\httpasyncclient-4.1.4.jar;D:\maven\repository\org\apache\httpcomponents\httpcore-nio\4.4.14\httpcore-nio-4.4.14.jar;D:\maven\repository\org\reflections\reflections\0.9.11\reflections-0.9.11.jar;D:\maven\repository\org\javassist\javassist\3.21.0-GA\javassist-3.21.0-GA.jar;D:\maven\repository\io\prometheus\simpleclient\0.5.0\simpleclient-0.5.0.jar;D:\maven\repository\com\alibaba\spring\spring-context-support\1.0.10\spring-context-support-1.0.10.jar;D:\maven\repository\org\springframework\cloud\spring-cloud-commons\2.2.9.RELEASE\spring-cloud-commons-2.2.9.RELEASE.jar;D:\maven\repository\org\springframework\security\spring-security-crypto\5.3.9.RELEASE\spring-security-crypto-5.3.9.RELEASE.jar;D:\maven\repository\org\springframework\cloud\spring-cloud-context\2.2.9.RELEASE\spring-cloud-context-2.2.9.RELEASE.jar;D:\maven\repository\org\springframework\cloud\spring-cloud-starter-netflix-ribbon\2.2.9.RELEASE\spring-cloud-starter-netflix-ribbon-2.2.9.RELEASE.jar;D:\maven\repository\org\springframework\cloud\spring-cloud-netflix-ribbon\2.2.9.RELEASE\spring-cloud-netflix-ribbon-2.2.9.RELEASE.jar;D:\maven\repository\org\springframework\cloud\spring-cloud-netflix-archaius\2.2.9.RELEASE\spring-cloud-netflix-archaius-2.2.9.RELEASE.jar;D:\maven\repository\org\springframework\cloud\spring-cloud-starter-netflix-archaius\2.2.9.RELEASE\spring-cloud-starter-netflix-archaius-2.2.9.RELEASE.jar;D:\maven\repository\commons-configuration\commons-configuration\1.8\commons-configuration-1.8.jar;D:\maven\repository\com\netflix\ribbon\ribbon\2.3.0\ribbon-2.3.0.jar;D:\maven\repository\com\netflix\ribbon\ribbon-transport\2.3.0\ribbon-transport-2.3.0.jar;D:\maven\repository\io\reactivex\rxnetty-contexts\0.4.9\rxnetty-contexts-0.4.9.jar;D:\maven\repository\io\reactivex\rxnetty-servo\0.4.9\rxnetty-servo-0.4.9.jar;D:\maven\repository\javax\inject\javax.inject\1\javax.inject-1.jar;D:\maven\repository\io\reactivex\rxnetty\0.4.9\rxnetty-0.4.9.jar;D:\maven\repository\com\netflix\ribbon\ribbon-core\2.3.0\ribbon-core-2.3.0.jar;D:\maven\repository\commons-lang\commons-lang\2.6\commons-lang-2.6.jar;D:\maven\repository\com\netflix\ribbon\ribbon-httpclient\2.3.0\ribbon-httpclient-2.3.0.jar;D:\maven\repository\commons-collections\commons-collections\3.2.2\commons-collections-3.2.2.jar;D:\maven\repository\com\sun\jersey\jersey-client\1.19.1\jersey-client-1.19.1.jar;D:\maven\repository\com\sun\jersey\jersey-core\1.19.1\jersey-core-1.19.1.jar;D:\maven\repository\javax\ws\rs\jsr311-api\1.1.1\jsr311-api-1.1.1.jar;D:\maven\repository\com\sun\jersey\contribs\jersey-apache-client4\1.19.1\jersey-apache-client4-1.19.1.jar;D:\maven\repository\com\netflix\servo\servo-core\0.12.21\servo-core-0.12.21.jar;D:\maven\repository\com\netflix\netflix-commons\netflix-commons-util\0.3.0\netflix-commons-util-0.3.0.jar;D:\maven\repository\com\netflix\ribbon\ribbon-loadbalancer\2.3.0\ribbon-loadbalancer-2.3.0.jar;D:\maven\repository\com\netflix\netflix-commons\netflix-statistics\0.1.1\netflix-statistics-0.1.1.jar;D:\maven\repository\io\reactivex\rxjava\1.3.8\rxjava-1.3.8.jar;D:\maven\repository\mysql\mysql-connector-java\8.0.25\mysql-connector-java-8.0.25.jar;D:\maven\repository\com\alibaba\druid-spring-boot-starter\1.2.8\druid-spring-boot-starter-1.2.8.jar;D:\maven\repository\com\alibaba\druid\1.2.8\druid-1.2.8.jar;D:\maven\repository\org\slf4j\slf4j-api\1.7.30\slf4j-api-1.7.30.jar;D:\maven\repository\org\springframework\boot\spring-boot-autoconfigure\2.3.12.RELEASE\spring-boot-autoconfigure-2.3.12.RELEASE.jar;D:\maven\repository\com\baomidou\mybatis-plus-boot-starter\3.4.1\mybatis-plus-boot-starter-3.4.1.jar;D:\maven\repository\com\baomidou\mybatis-plus\3.4.1\mybatis-plus-3.4.1.jar;D:\maven\repository\com\baomidou\mybatis-plus-extension\3.4.1\mybatis-plus-extension-3.4.1.jar;D:\maven\repository\com\baomidou\mybatis-plus-core\3.4.1\mybatis-plus-core-3.4.1.jar;D:\maven\repository\com\baomidou\mybatis-plus-annotation\3.4.1\mybatis-plus-annotation-3.4.1.jar;D:\maven\repository\com\github\jsqlparser\jsqlparser\3.2\jsqlparser-3.2.jar;D:\maven\repository\org\mybatis\mybatis\3.5.6\mybatis-3.5.6.jar;D:\maven\repository\org\mybatis\mybatis-spring\2.0.5\mybatis-spring-2.0.5.jar;D:\maven\repository\org\springframework\boot\spring-boot-starter-jdbc\2.3.12.RELEASE\spring-boot-starter-jdbc-2.3.12.RELEASE.jar;D:\maven\repository\com\zaxxer\HikariCP\3.4.5\HikariCP-3.4.5.jar;D:\maven\repository\org\springframework\spring-jdbc\5.2.15.RELEASE\spring-jdbc-5.2.15.RELEASE.jar;D:\maven\repository\org\springframework\spring-tx\5.2.15.RELEASE\spring-tx-5.2.15.RELEASE.jar;D:\maven\repository\org\projectlombok\lombok\1.16.18\lombok-1.16.18.jar;D:\maven\repository\org\springframework\cloud\spring-cloud-starter-openfeign\2.2.9.RELEASE\spring-cloud-starter-openfeign-2.2.9.RELEASE.jar;D:\maven\repository\org\springframework\cloud\spring-cloud-starter\2.2.9.RELEASE\spring-cloud-starter-2.2.9.RELEASE.jar;D:\maven\repository\org\springframework\security\spring-security-rsa\1.0.9.RELEASE\spring-security-rsa-1.0.9.RELEASE.jar;D:\maven\repository\org\bouncycastle\bcpkix-jdk15on\1.64\bcpkix-jdk15on-1.64.jar;D:\maven\repository\org\bouncycastle\bcprov-jdk15on\1.64\bcprov-jdk15on-1.64.jar;D:\maven\repository\org\springframework\cloud\spring-cloud-openfeign-core\2.2.9.RELEASE\spring-cloud-openfeign-core-2.2.9.RELEASE.jar;D:\maven\repository\org\springframework\boot\spring-boot-starter-aop\2.3.12.RELEASE\spring-boot-starter-aop-2.3.12.RELEASE.jar;D:\maven\repository\org\aspectj\aspectjweaver\1.9.6\aspectjweaver-1.9.6.jar;D:\maven\repository\io\github\openfeign\form\feign-form-spring\3.8.0\feign-form-spring-3.8.0.jar;D:\maven\repository\io\github\openfeign\form\feign-form\3.8.0\feign-form-3.8.0.jar;D:\maven\repository\commons-fileupload\commons-fileupload\1.4\commons-fileupload-1.4.jar;D:\maven\repository\commons-io\commons-io\2.2\commons-io-2.2.jar;D:\maven\repository\io\github\openfeign\feign-core\10.12\feign-core-10.12.jar;D:\maven\repository\io\github\openfeign\feign-slf4j\10.12\feign-slf4j-10.12.jar;D:\maven\repository\io\github\openfeign\feign-hystrix\10.12\feign-hystrix-10.12.jar;D:\maven\repository\com\netflix\archaius\archaius-core\0.7.7\archaius-core-0.7.7.jar;D:\maven\repository\com\netflix\hystrix\hystrix-core\1.5.18\hystrix-core-1.5.18.jar;D:\maven\repository\org\hdrhistogram\HdrHistogram\2.1.9\HdrHistogram-2.1.9.jar;D:\maven\repository\org\influxdb\influxdb-java\2.5\influxdb-java-2.5.jar;D:\maven\repository\com\google\guava\guava\30.0-jre\guava-30.0-jre.jar;D:\maven\repository\com\google\guava\failureaccess\1.0.1\failureaccess-1.0.1.jar;D:\maven\repository\com\google\guava\listenablefuture\9999.0-empty-to-avoid-conflict-with-guava\listenablefuture-9999.0-empty-to-avoid-conflict-with-guava.jar;D:\maven\repository\com\google\code\findbugs\jsr305\3.0.2\jsr305-3.0.2.jar;D:\maven\repository\org\checkerframework\checker-qual\3.5.0\checker-qual-3.5.0.jar;D:\maven\repository\com\google\errorprone\error_prone_annotations\2.3.4\error_prone_annotations-2.3.4.jar;D:\maven\repository\com\google\j2objc\j2objc-annotations\1.3\j2objc-annotations-1.3.jar;D:\maven\repository\com\squareup\retrofit2\retrofit\2.1.0\retrofit-2.1.0.jar;D:\maven\repository\com\squareup\retrofit2\converter-moshi\2.1.0\converter-moshi-2.1.0.jar;D:\maven\repository\com\squareup\moshi\moshi\1.2.0\moshi-1.2.0.jar;D:\maven\repository\com\squareup\okhttp3\okhttp\3.14.9\okhttp-3.14.9.jar;D:\maven\repository\com\squareup\okio\okio\1.17.2\okio-1.17.2.jar;D:\maven\repository\com\squareup\okhttp3\logging-interceptor\3.14.9\logging-interceptor-3.14.9.jar;D:\maven\repository\junit\junit\4.13.2\junit-4.13.2.jar;D:\maven\repository\org\hamcrest\hamcrest-core\2.2\hamcrest-core-2.2.jar;D:\maven\repository\org\hamcrest\hamcrest\2.2\hamcrest-2.2.jar;D:\maven\repository\com\taosdata\jdbc\taos-jdbcdriver\3.0.0\taos-jdbcdriver-3.0.0.jar;D:\maven\repository\org\apache\httpcomponents\httpclient\4.5.13\httpclient-4.5.13.jar;D:\maven\repository\org\apache\httpcomponents\httpcore\4.4.14\httpcore-4.4.14.jar;D:\maven\repository\com\alibaba\fastjson\1.2.83\fastjson-1.2.83.jar;D:\maven\repository\org\java-websocket\Java-WebSocket\1.5.2\Java-WebSocket-1.5.2.jar;"/>
    <property name="sun.cpu.endian" value="little"/>
    <property name="user.home" value="C:\Users\pb084154"/>
    <property name="user.language" value="zh"/>
    <property name="java.specification.vendor" value="Oracle Corporation"/>
    <property name="java.home" value="C:\Program Files\Java\java-1.8.0\jre"/>
    <property name="basedir" value="D:\project\myproject\springcloud-alibaba-demo\springcloud-alibaba-demo\demo-producer"/>
    <property name="file.separator" value="\"/>
    <property name="line.separator" value="&#10;"/>
    <property name="java.vm.specification.vendor" value="Oracle Corporation"/>
    <property name="java.specification.name" value="Java Platform API Specification"/>
    <property name="java.awt.graphicsenv" value="sun.awt.Win32GraphicsEnvironment"/>
    <property name="surefire.real.class.path" value="C:\Users\pb084154\AppData\Local\Temp\surefire4417948682810885954\surefirebooter2005315112075834959.jar"/>
    <property name="sun.boot.class.path" value="C:\Program Files\Java\java-1.8.0\jre\lib\resources.jar;C:\Program Files\Java\java-1.8.0\jre\lib\rt.jar;C:\Program Files\Java\java-1.8.0\jre\lib\sunrsasign.jar;C:\Program Files\Java\java-1.8.0\jre\lib\jsse.jar;C:\Program Files\Java\java-1.8.0\jre\lib\jce.jar;C:\Program Files\Java\java-1.8.0\jre\lib\charsets.jar;C:\Program Files\Java\java-1.8.0\jre\lib\jfr.jar;C:\Program Files\Java\java-1.8.0\jre\classes"/>
    <property name="user.script" value=""/>
    <property name="sun.management.compiler" value="HotSpot 64-Bit Tiered Compilers"/>
    <property name="java.runtime.version" value="1.8.0_282-b08"/>
    <property name="user.name" value="PB084154"/>
    <property name="path.separator" value=";"/>
    <property name="os.version" value="10.0"/>
    <property name="java.endorsed.dirs" value="C:\Program Files\Java\java-1.8.0\jre\lib\endorsed"/>
    <property name="java.runtime.name" value="OpenJDK Runtime Environment"/>
    <property name="file.encoding" value="GBK"/>
    <property name="java.vm.name" value="OpenJDK 64-Bit Server VM"/>
    <property name="localRepository" value="D:\maven\repository"/>
    <property name="java.vendor.url.bug" value="https://bugzilla.redhat.com/enter_bug.cgi"/>
    <property name="java.io.tmpdir" value="C:\Users\pb084154\AppData\Local\Temp\"/>
    <property name="idea.version" value="2022.1.2"/>
    <property name="java.version" value="1.8.0_282"/>
    <property name="user.dir" value="D:\project\myproject\springcloud-alibaba-demo\springcloud-alibaba-demo\demo-producer"/>
    <property name="os.arch" value="amd64"/>
    <property name="java.vm.specification.name" value="Java Virtual Machine Specification"/>
    <property name="java.awt.printerjob" value="sun.awt.windows.WPrinterJob"/>
    <property name="sun.os.patch.level" value=""/>
    <property name="java.library.path" value="C:\Program Files\Java\java-1.8.0\jre\bin;C:\Windows\Sun\Java\bin;C:\Windows\system32;C:\Windows;C:\Windows\system32;C:\Windows;C:\Windows\System32\Wbem;C:\Windows\System32\WindowsPowerShell\v1.0\;C:\Windows\System32\OpenSSH\;C:\Program Files\java\java-1.8.0\bin;C:\Program Files\java\java-1.8.0\jre\bin;D:\software\git\Git\cmd;D:\software\mysql\mysql-8.0.25-winx64\bin;GRADLE_HOME%\bin;C:\Users\pb084154\AppData\Local\Microsoft\WindowsApps;;D:\software\IntelliJ IDEA 2022.1.2\bin;;."/>
    <property name="java.vm.info" value="mixed mode"/>
    <property name="java.vendor" value="Red Hat, Inc."/>
    <property name="java.vm.version" value="25.282-b08"/>
    <property name="java.ext.dirs" value="C:\Program Files\Java\java-1.8.0\jre\lib\ext;C:\Windows\Sun\Java\lib\ext"/>
    <property name="sun.io.unicode.encoding" value="UnicodeLittle"/>
    <property name="java.class.version" value="52.0"/>
  </properties>
  <testcase name="testDb" classname="org.rain.InfluxdbTest" time="0.003"/>
</testsuite>